[0.366s] Invoking command in '/home/user/ros2_ws/build/my_robot_controller': PYTHONPATH=/home/user/ros2_ws/build/my_robot_controller/prefix_override:/usr/lib/python3/dist-packages/colcon_core/task/python/colcon_distutils_commands:/home/user/ros2_ws/install/my_robot_controller/lib/python3.10/site-packages:${PYTHONPATH} /usr/bin/python3 -W ignore:setup.py install is deprecated -W ignore:easy_install command is deprecated setup.py develop --editable --build-directory /home/user/ros2_ws/build/my_robot_controller/build --no-deps symlink_data
[0.519s] running develop
[0.603s] running egg_info
[0.604s] writing my_robot_controller.egg-info/PKG-INFO
[0.604s] writing dependency_links to my_robot_controller.egg-info/dependency_links.txt
[0.604s] writing entry points to my_robot_controller.egg-info/entry_points.txt
[0.604s] writing requirements to my_robot_controller.egg-info/requires.txt
[0.604s] writing top-level names to my_robot_controller.egg-info/top_level.txt
[0.605s] reading manifest file 'my_robot_controller.egg-info/SOURCES.txt'
[0.605s] writing manifest file 'my_robot_controller.egg-info/SOURCES.txt'
[0.607s] running build_ext
[0.607s] Creating /home/user/ros2_ws/install/my_robot_controller/lib/python3.10/site-packages/my-robot-controller.egg-link (link to .)
[0.607s] Installing draw_circle script to /home/user/ros2_ws/install/my_robot_controller/lib/my_robot_controller
[0.607s] Installing pose_subscriber script to /home/user/ros2_ws/install/my_robot_controller/lib/my_robot_controller
[0.607s] Installing test_node script to /home/user/ros2_ws/install/my_robot_controller/lib/my_robot_controller
[0.608s] Installing turtle_controller script to /home/user/ros2_ws/install/my_robot_controller/lib/my_robot_controller
[0.608s] 
[0.608s] Installed /home/user/ros2_ws/build/my_robot_controller
[0.608s] running symlink_data
[0.625s] Invoked command in '/home/user/ros2_ws/build/my_robot_controller' returned '0': PYTHONPATH=/home/user/ros2_ws/build/my_robot_controller/prefix_override:/usr/lib/python3/dist-packages/colcon_core/task/python/colcon_distutils_commands:/home/user/ros2_ws/install/my_robot_controller/lib/python3.10/site-packages:${PYTHONPATH} /usr/bin/python3 -W ignore:setup.py install is deprecated -W ignore:easy_install command is deprecated setup.py develop --editable --build-directory /home/user/ros2_ws/build/my_robot_controller/build --no-deps symlink_data
