[0.014s] Invoking command in '/home/user/ros2_ws/build/lowcost_arm_description': CMAKE_PREFIX_PATH=/home/user/ros2_ws/install/my_robot_controller:/opt/ros/humble /usr/bin/cmake /home/user/ros2_ws/lowcost_arm_description -DCMAKE_INSTALL_PREFIX=/home/user/ros2_ws/install/lowcost_arm_description
[0.091s] -- The C compiler identification is GNU 11.4.0
[0.331s] -- The CXX compiler identification is GNU 11.4.0
[0.508s] -- Detecting C compiler ABI info
[0.591s] -- Detecting C compiler ABI info - done
[0.597s] -- Check for working C compiler: /usr/bin/cc - skipped
[0.597s] -- Detecting C compile features
[0.597s] -- Detecting C compile features - done
[0.599s] -- Detecting CXX compiler ABI info
[0.688s] -- Detecting CXX compiler ABI info - done
[0.693s] -- Check for working CXX compiler: /usr/bin/c++ - skipped
[0.693s] -- Detecting CXX compile features
[0.693s] -- Detecting CXX compile features - done
[0.698s] -- Found ament_cmake: 1.3.11 (/opt/ros/humble/share/ament_cmake/cmake)
[0.809s] -- Found Python3: /usr/bin/python3 (found version "3.10.12") found components: Interpreter 
[0.867s] -- Found rclcpp: 16.0.11 (/opt/ros/humble/share/rclcpp/cmake)
[0.972s] -- Found rosidl_generator_c: 3.1.6 (/opt/ros/humble/share/rosidl_generator_c/cmake)
[0.974s] -- Found rosidl_adapter: 3.1.6 (/opt/ros/humble/share/rosidl_adapter/cmake)
[0.980s] -- Found rosidl_generator_cpp: 3.1.6 (/opt/ros/humble/share/rosidl_generator_cpp/cmake)
[0.987s] -- Using all available rosidl_typesupport_c: rosidl_typesupport_fastrtps_c;rosidl_typesupport_introspection_c
[0.997s] -- Using all available rosidl_typesupport_cpp: rosidl_typesupport_fastrtps_cpp;rosidl_typesupport_introspection_cpp
[1.028s] -- Found rmw_implementation_cmake: 6.1.2 (/opt/ros/humble/share/rmw_implementation_cmake/cmake)
[1.029s] -- Found rmw_fastrtps_cpp: 6.2.7 (/opt/ros/humble/share/rmw_fastrtps_cpp/cmake)
[1.773s] -- Found OpenSSL: /usr/lib/x86_64-linux-gnu/libcrypto.so (found version "3.0.2")  
[2.524s] -- Found FastRTPS: /opt/ros/humble/include  
[3.917s] -- Using RMW implementation 'rmw_fastrtps_cpp' as default
[3.922s] -- Looking for pthread.h
[4.009s] -- Looking for pthread.h - found
[4.009s] -- Performing Test CMAKE_HAVE_LIBC_PTHREAD
[4.097s] -- Performing Test CMAKE_HAVE_LIBC_PTHREAD - Success
[4.098s] -- Found Threads: TRUE  
[4.134s] -- Found ament_lint_auto: 0.12.11 (/opt/ros/humble/share/ament_lint_auto/cmake)
[4.206s] -- Added test 'lint_cmake' to check CMake code style
[4.207s] -- Added test 'xmllint' to check XML markup files
[4.209s] -- Configuring done
[4.212s] -- Generating done
[4.213s] -- Build files have been written to: /home/user/ros2_ws/build/lowcost_arm_description
[4.221s] Invoked command in '/home/user/ros2_ws/build/lowcost_arm_description' returned '0': CMAKE_PREFIX_PATH=/home/user/ros2_ws/install/my_robot_controller:/opt/ros/humble /usr/bin/cmake /home/user/ros2_ws/lowcost_arm_description -DCMAKE_INSTALL_PREFIX=/home/user/ros2_ws/install/lowcost_arm_description
[4.222s] Invoking command in '/home/user/ros2_ws/build/lowcost_arm_description': CMAKE_PREFIX_PATH=/home/user/ros2_ws/install/my_robot_controller:/opt/ros/humble /usr/bin/cmake --build /home/user/ros2_ws/build/lowcost_arm_description -- -j16 -l16
[4.249s] Invoked command in '/home/user/ros2_ws/build/lowcost_arm_description' returned '0': CMAKE_PREFIX_PATH=/home/user/ros2_ws/install/my_robot_controller:/opt/ros/humble /usr/bin/cmake --build /home/user/ros2_ws/build/lowcost_arm_description -- -j16 -l16
[4.255s] Invoking command in '/home/user/ros2_ws/build/lowcost_arm_description': CMAKE_PREFIX_PATH=/home/user/ros2_ws/install/my_robot_controller:/opt/ros/humble /usr/bin/cmake --install /home/user/ros2_ws/build/lowcost_arm_description
[4.259s] -- Install configuration: ""
[4.260s] -- Installing: /home/user/ros2_ws/install/lowcost_arm_description/share/ament_index/resource_index/package_run_dependencies/lowcost_arm_description
[4.260s] -- Installing: /home/user/ros2_ws/install/lowcost_arm_description/share/ament_index/resource_index/parent_prefix_path/lowcost_arm_description
[4.260s] -- Installing: /home/user/ros2_ws/install/lowcost_arm_description/share/lowcost_arm_description/environment/ament_prefix_path.sh
[4.260s] -- Installing: /home/user/ros2_ws/install/lowcost_arm_description/share/lowcost_arm_description/environment/ament_prefix_path.dsv
[4.260s] -- Installing: /home/user/ros2_ws/install/lowcost_arm_description/share/lowcost_arm_description/environment/path.sh
[4.260s] -- Installing: /home/user/ros2_ws/install/lowcost_arm_description/share/lowcost_arm_description/environment/path.dsv
[4.260s] -- Installing: /home/user/ros2_ws/install/lowcost_arm_description/share/lowcost_arm_description/local_setup.bash
[4.260s] -- Installing: /home/user/ros2_ws/install/lowcost_arm_description/share/lowcost_arm_description/local_setup.sh
[4.260s] -- Installing: /home/user/ros2_ws/install/lowcost_arm_description/share/lowcost_arm_description/local_setup.zsh
[4.260s] -- Installing: /home/user/ros2_ws/install/lowcost_arm_description/share/lowcost_arm_description/local_setup.dsv
[4.261s] -- Installing: /home/user/ros2_ws/install/lowcost_arm_description/share/lowcost_arm_description/package.dsv
[4.261s] -- Installing: /home/user/ros2_ws/install/lowcost_arm_description/share/ament_index/resource_index/packages/lowcost_arm_description
[4.261s] -- Installing: /home/user/ros2_ws/install/lowcost_arm_description/share/lowcost_arm_description/cmake/lowcost_arm_descriptionConfig.cmake
[4.261s] -- Installing: /home/user/ros2_ws/install/lowcost_arm_description/share/lowcost_arm_description/cmake/lowcost_arm_descriptionConfig-version.cmake
[4.261s] -- Installing: /home/user/ros2_ws/install/lowcost_arm_description/share/lowcost_arm_description/package.xml
[4.263s] Invoked command in '/home/user/ros2_ws/build/lowcost_arm_description' returned '0': CMAKE_PREFIX_PATH=/home/user/ros2_ws/install/my_robot_controller:/opt/ros/humble /usr/bin/cmake --install /home/user/ros2_ws/build/lowcost_arm_description
