[0.613s] Invoking command in '/home/user/ros2_ws/build/my_robot_controller': PYTHONPATH=/home/user/ros2_ws/build/my_robot_controller/prefix_override:/usr/lib/python3/dist-packages/colcon_core/task/python/colcon_distutils_commands:/home/user/ros2_ws/install/my_robot_controller/lib/python3.10/site-packages:${PYTHONPATH} /usr/bin/python3 -W ignore:setup.py install is deprecated -W ignore:easy_install command is deprecated setup.py develop --uninstall --editable --build-directory /home/user/ros2_ws/build/my_robot_controller/build
[0.799s] running develop
[0.901s] Removing /home/user/ros2_ws/install/my_robot_controller/lib/python3.10/site-packages/my-robot-controller.egg-link (link to .)
[0.927s] Invoked command in '/home/user/ros2_ws/build/my_robot_controller' returned '0': PYTHONPATH=/home/user/ros2_ws/build/my_robot_controller/prefix_override:/usr/lib/python3/dist-packages/colcon_core/task/python/colcon_distutils_commands:/home/user/ros2_ws/install/my_robot_controller/lib/python3.10/site-packages:${PYTHONPATH} /usr/bin/python3 -W ignore:setup.py install is deprecated -W ignore:easy_install command is deprecated setup.py develop --uninstall --editable --build-directory /home/user/ros2_ws/build/my_robot_controller/build
[0.929s] Invoking command in '/home/user/ros2_ws/src/my_robot_controller': PYTHONPATH=/home/user/ros2_ws/build/my_robot_controller/prefix_override:/usr/lib/python3/dist-packages/colcon_core/task/python/colcon_distutils_commands:/home/user/ros2_ws/install/my_robot_controller/lib/python3.10/site-packages:${PYTHONPATH} /usr/bin/python3 -W ignore:setup.py install is deprecated -W ignore:easy_install command is deprecated setup.py egg_info --egg-base ../../build/my_robot_controller build --build-base /home/user/ros2_ws/build/my_robot_controller/build install --record /home/user/ros2_ws/build/my_robot_controller/install.log --single-version-externally-managed install_data --force
[1.112s] running egg_info
[1.112s] writing ../../build/my_robot_controller/my_robot_controller.egg-info/PKG-INFO
[1.114s] writing dependency_links to ../../build/my_robot_controller/my_robot_controller.egg-info/dependency_links.txt
[1.114s] writing entry points to ../../build/my_robot_controller/my_robot_controller.egg-info/entry_points.txt
[1.115s] writing requirements to ../../build/my_robot_controller/my_robot_controller.egg-info/requires.txt
[1.115s] writing top-level names to ../../build/my_robot_controller/my_robot_controller.egg-info/top_level.txt
[1.117s] reading manifest file '../../build/my_robot_controller/my_robot_controller.egg-info/SOURCES.txt'
[1.118s] writing manifest file '../../build/my_robot_controller/my_robot_controller.egg-info/SOURCES.txt'
[1.118s] running build
[1.118s] running build_py
[1.118s] copying my_robot_controller/my_first_node.py -> /home/user/ros2_ws/build/my_robot_controller/build/lib/my_robot_controller
[1.119s] copying my_robot_controller/draw_circle.py -> /home/user/ros2_ws/build/my_robot_controller/build/lib/my_robot_controller
[1.119s] copying my_robot_controller/pose_subscriber.py -> /home/user/ros2_ws/build/my_robot_controller/build/lib/my_robot_controller
[1.120s] copying my_robot_controller/turtle_controller.py -> /home/user/ros2_ws/build/my_robot_controller/build/lib/my_robot_controller
[1.120s] running install
[1.120s] running install_lib
[1.121s] creating /home/user/ros2_ws/install/my_robot_controller/lib/python3.10/site-packages/my_robot_controller
[1.121s] copying /home/user/ros2_ws/build/my_robot_controller/build/lib/my_robot_controller/my_first_node.py -> /home/user/ros2_ws/install/my_robot_controller/lib/python3.10/site-packages/my_robot_controller
[1.122s] copying /home/user/ros2_ws/build/my_robot_controller/build/lib/my_robot_controller/draw_circle.py -> /home/user/ros2_ws/install/my_robot_controller/lib/python3.10/site-packages/my_robot_controller
[1.122s] copying /home/user/ros2_ws/build/my_robot_controller/build/lib/my_robot_controller/pose_subscriber.py -> /home/user/ros2_ws/install/my_robot_controller/lib/python3.10/site-packages/my_robot_controller
[1.122s] copying /home/user/ros2_ws/build/my_robot_controller/build/lib/my_robot_controller/__init__.py -> /home/user/ros2_ws/install/my_robot_controller/lib/python3.10/site-packages/my_robot_controller
[1.122s] copying /home/user/ros2_ws/build/my_robot_controller/build/lib/my_robot_controller/turtle_controller.py -> /home/user/ros2_ws/install/my_robot_controller/lib/python3.10/site-packages/my_robot_controller
[1.122s] byte-compiling /home/user/ros2_ws/install/my_robot_controller/lib/python3.10/site-packages/my_robot_controller/my_first_node.py to my_first_node.cpython-310.pyc
[1.123s] byte-compiling /home/user/ros2_ws/install/my_robot_controller/lib/python3.10/site-packages/my_robot_controller/draw_circle.py to draw_circle.cpython-310.pyc
[1.123s] byte-compiling /home/user/ros2_ws/install/my_robot_controller/lib/python3.10/site-packages/my_robot_controller/pose_subscriber.py to pose_subscriber.cpython-310.pyc
[1.124s] byte-compiling /home/user/ros2_ws/install/my_robot_controller/lib/python3.10/site-packages/my_robot_controller/__init__.py to __init__.cpython-310.pyc
[1.124s] byte-compiling /home/user/ros2_ws/install/my_robot_controller/lib/python3.10/site-packages/my_robot_controller/turtle_controller.py to turtle_controller.cpython-310.pyc
[1.124s] running install_data
[1.125s] copying resource/my_robot_controller -> /home/user/ros2_ws/install/my_robot_controller/share/ament_index/resource_index/packages
[1.125s] copying package.xml -> /home/user/ros2_ws/install/my_robot_controller/share/my_robot_controller
[1.125s] running install_egg_info
[1.127s] Copying ../../build/my_robot_controller/my_robot_controller.egg-info to /home/user/ros2_ws/install/my_robot_controller/lib/python3.10/site-packages/my_robot_controller-0.0.0-py3.10.egg-info
[1.128s] running install_scripts
[1.145s] Installing draw_circle script to /home/user/ros2_ws/install/my_robot_controller/lib/my_robot_controller
[1.145s] Installing pose_subscriber script to /home/user/ros2_ws/install/my_robot_controller/lib/my_robot_controller
[1.145s] Installing test_node script to /home/user/ros2_ws/install/my_robot_controller/lib/my_robot_controller
[1.145s] Installing turtle_controller script to /home/user/ros2_ws/install/my_robot_controller/lib/my_robot_controller
[1.145s] writing list of installed files to '/home/user/ros2_ws/build/my_robot_controller/install.log'
[1.166s] Invoked command in '/home/user/ros2_ws/src/my_robot_controller' returned '0': PYTHONPATH=/home/user/ros2_ws/build/my_robot_controller/prefix_override:/usr/lib/python3/dist-packages/colcon_core/task/python/colcon_distutils_commands:/home/user/ros2_ws/install/my_robot_controller/lib/python3.10/site-packages:${PYTHONPATH} /usr/bin/python3 -W ignore:setup.py install is deprecated -W ignore:easy_install command is deprecated setup.py egg_info --egg-base ../../build/my_robot_controller build --build-base /home/user/ros2_ws/build/my_robot_controller/build install --record /home/user/ros2_ws/build/my_robot_controller/install.log --single-version-externally-managed install_data --force
