[0.682s] Invoking command in '/home/user/ros2_ws/src/my_robot_controller': PYTHONPATH=/home/user/ros2_ws/build/my_robot_controller/prefix_override:/usr/lib/python3/dist-packages/colcon_core/task/python/colcon_distutils_commands:/home/user/ros2_ws/install/my_robot_controller/lib/python3.10/site-packages:${PYTHONPATH} /usr/bin/python3 -W ignore:setup.py install is deprecated -W ignore:easy_install command is deprecated setup.py egg_info --egg-base ../../build/my_robot_controller build --build-base /home/user/ros2_ws/build/my_robot_controller/build install --record /home/user/ros2_ws/build/my_robot_controller/install.log --single-version-externally-managed install_data
[0.866s] running egg_info
[0.867s] writing ../../build/my_robot_controller/my_robot_controller.egg-info/PKG-INFO
[0.869s] writing dependency_links to ../../build/my_robot_controller/my_robot_controller.egg-info/dependency_links.txt
[0.869s] writing entry points to ../../build/my_robot_controller/my_robot_controller.egg-info/entry_points.txt
[0.870s] writing requirements to ../../build/my_robot_controller/my_robot_controller.egg-info/requires.txt
[0.870s] writing top-level names to ../../build/my_robot_controller/my_robot_controller.egg-info/top_level.txt
[0.872s] reading manifest file '../../build/my_robot_controller/my_robot_controller.egg-info/SOURCES.txt'
[0.875s] writing manifest file '../../build/my_robot_controller/my_robot_controller.egg-info/SOURCES.txt'
[0.875s] running build
[0.875s] running build_py
[0.876s] running install
[0.876s] running install_lib
[0.878s] running install_data
[0.878s] running install_egg_info
[0.879s] removing '/home/user/ros2_ws/install/my_robot_controller/lib/python3.10/site-packages/my_robot_controller-0.0.0-py3.10.egg-info' (and everything under it)
[0.880s] Copying ../../build/my_robot_controller/my_robot_controller.egg-info to /home/user/ros2_ws/install/my_robot_controller/lib/python3.10/site-packages/my_robot_controller-0.0.0-py3.10.egg-info
[0.885s] running install_scripts
[0.900s] Installing draw_circle script to /home/user/ros2_ws/install/my_robot_controller/lib/my_robot_controller
[0.900s] Installing pose_subscriber script to /home/user/ros2_ws/install/my_robot_controller/lib/my_robot_controller
[0.901s] Installing test_node script to /home/user/ros2_ws/install/my_robot_controller/lib/my_robot_controller
[0.901s] Installing turtle_controller script to /home/user/ros2_ws/install/my_robot_controller/lib/my_robot_controller
[0.901s] writing list of installed files to '/home/user/ros2_ws/build/my_robot_controller/install.log'
[0.921s] Invoked command in '/home/user/ros2_ws/src/my_robot_controller' returned '0': PYTHONPATH=/home/user/ros2_ws/build/my_robot_controller/prefix_override:/usr/lib/python3/dist-packages/colcon_core/task/python/colcon_distutils_commands:/home/user/ros2_ws/install/my_robot_controller/lib/python3.10/site-packages:${PYTHONPATH} /usr/bin/python3 -W ignore:setup.py install is deprecated -W ignore:easy_install command is deprecated setup.py egg_info --egg-base ../../build/my_robot_controller build --build-base /home/user/ros2_ws/build/my_robot_controller/build install --record /home/user/ros2_ws/build/my_robot_controller/install.log --single-version-externally-managed install_data
