[0.572s] Invoking command in '/home/user/ros2_ws/build/my_robot_controller': PYTHONPATH=/home/user/ros2_ws/build/my_robot_controller/prefix_override:/usr/lib/python3/dist-packages/colcon_core/task/python/colcon_distutils_commands:/home/user/ros2_ws/install/my_robot_controller/lib/python3.10/site-packages:${PYTHONPATH} /usr/bin/python3 -W ignore:setup.py install is deprecated -W ignore:easy_install command is deprecated setup.py develop --editable --build-directory /home/user/ros2_ws/build/my_robot_controller/build --no-deps symlink_data
[0.792s] running develop
[0.904s] running egg_info
[0.904s] writing my_robot_controller.egg-info/PKG-INFO
[0.905s] writing dependency_links to my_robot_controller.egg-info/dependency_links.txt
[0.905s] writing entry points to my_robot_controller.egg-info/entry_points.txt
[0.905s] writing requirements to my_robot_controller.egg-info/requires.txt
[0.905s] writing top-level names to my_robot_controller.egg-info/top_level.txt
[0.908s] reading manifest file 'my_robot_controller.egg-info/SOURCES.txt'
[0.909s] writing manifest file 'my_robot_controller.egg-info/SOURCES.txt'
[0.910s] running build_ext
[0.911s] Creating /home/user/ros2_ws/install/my_robot_controller/lib/python3.10/site-packages/my-robot-controller.egg-link (link to .)
[0.911s] Installing draw_circle script to /home/user/ros2_ws/install/my_robot_controller/lib/my_robot_controller
[0.911s] Installing pose_subscriber script to /home/user/ros2_ws/install/my_robot_controller/lib/my_robot_controller
[0.912s] Installing test_node script to /home/user/ros2_ws/install/my_robot_controller/lib/my_robot_controller
[0.912s] Installing turtle_controller script to /home/user/ros2_ws/install/my_robot_controller/lib/my_robot_controller
[0.912s] 
[0.912s] Installed /home/user/ros2_ws/build/my_robot_controller
[0.912s] running symlink_data
[0.940s] Invoked command in '/home/user/ros2_ws/build/my_robot_controller' returned '0': PYTHONPATH=/home/user/ros2_ws/build/my_robot_controller/prefix_override:/usr/lib/python3/dist-packages/colcon_core/task/python/colcon_distutils_commands:/home/user/ros2_ws/install/my_robot_controller/lib/python3.10/site-packages:${PYTHONPATH} /usr/bin/python3 -W ignore:setup.py install is deprecated -W ignore:easy_install command is deprecated setup.py develop --editable --build-directory /home/user/ros2_ws/build/my_robot_controller/build --no-deps symlink_data
