[0.027s] Invoking command in '/home/user/ros2_ws/src/build/lowcost_arm_description': CMAKE_PREFIX_PATH=${CMAKE_PREFIX_PATH}:/home/user/ros2_ws/install/my_robot_controller:/opt/ros/humble /usr/bin/cmake /home/user/ros2_ws/src/lowcost_arm_description -DCMAKE_INSTALL_PREFIX=/home/user/ros2_ws/src/install/lowcost_arm_description
[0.195s] -- The C compiler identification is GNU 11.4.0
[0.493s] -- The CXX compiler identification is GNU 11.4.0
[0.670s] -- Detecting C compiler ABI info
[0.762s] -- Detecting C compiler ABI info - done
[0.768s] -- Check for working C compiler: /usr/bin/cc - skipped
[0.769s] -- Detecting C compile features
[0.770s] -- Detecting C compile features - done
[0.774s] -- Detecting CXX compiler ABI info
[0.872s] -- Detecting CXX compiler ABI info - done
[0.879s] -- Check for working CXX compiler: /usr/bin/c++ - skipped
[0.880s] -- Detecting CXX compile features
[0.880s] -- Detecting CXX compile features - done
[0.891s] -- Found ament_cmake: 1.3.11 (/opt/ros/humble/share/ament_cmake/cmake)
[1.007s] -- Found Python3: /usr/bin/python3 (found version "3.10.12") found components: Interpreter 
[1.106s] -- Found rclcpp: 16.0.11 (/opt/ros/humble/share/rclcpp/cmake)
[1.244s] -- Found rosidl_generator_c: 3.1.6 (/opt/ros/humble/share/rosidl_generator_c/cmake)
[1.250s] -- Found rosidl_adapter: 3.1.6 (/opt/ros/humble/share/rosidl_adapter/cmake)
[1.261s] -- Found rosidl_generator_cpp: 3.1.6 (/opt/ros/humble/share/rosidl_generator_cpp/cmake)
[1.277s] -- Using all available rosidl_typesupport_c: rosidl_typesupport_fastrtps_c;rosidl_typesupport_introspection_c
[1.297s] -- Using all available rosidl_typesupport_cpp: rosidl_typesupport_fastrtps_cpp;rosidl_typesupport_introspection_cpp
[1.354s] -- Found rmw_implementation_cmake: 6.1.2 (/opt/ros/humble/share/rmw_implementation_cmake/cmake)
[1.357s] -- Found rmw_fastrtps_cpp: 6.2.7 (/opt/ros/humble/share/rmw_fastrtps_cpp/cmake)
[2.091s] -- Found OpenSSL: /usr/lib/x86_64-linux-gnu/libcrypto.so (found version "3.0.2")  
[2.707s] -- Found FastRTPS: /opt/ros/humble/include  
[4.128s] -- Using RMW implementation 'rmw_fastrtps_cpp' as default
[4.140s] -- Looking for pthread.h
[4.235s] -- Looking for pthread.h - found
[4.235s] -- Performing Test CMAKE_HAVE_LIBC_PTHREAD
[4.324s] -- Performing Test CMAKE_HAVE_LIBC_PTHREAD - Success
[4.324s] -- Found Threads: TRUE  
[4.390s] -- Found ament_lint_auto: 0.12.11 (/opt/ros/humble/share/ament_lint_auto/cmake)
[4.459s] -- Added test 'flake8' to check Python code syntax and style conventions
[4.460s] -- Added test 'lint_cmake' to check CMake code style
[4.460s] -- Added test 'pep257' to check Python code against some of the docstring style conventions in PEP 257
[4.464s] -- Added test 'xmllint' to check XML markup files
[4.465s] -- Configuring done
[4.469s] -- Generating done
[4.470s] -- Build files have been written to: /home/user/ros2_ws/src/build/lowcost_arm_description
[4.480s] Invoked command in '/home/user/ros2_ws/src/build/lowcost_arm_description' returned '0': CMAKE_PREFIX_PATH=${CMAKE_PREFIX_PATH}:/home/user/ros2_ws/install/my_robot_controller:/opt/ros/humble /usr/bin/cmake /home/user/ros2_ws/src/lowcost_arm_description -DCMAKE_INSTALL_PREFIX=/home/user/ros2_ws/src/install/lowcost_arm_description
[4.481s] Invoking command in '/home/user/ros2_ws/src/build/lowcost_arm_description': CMAKE_PREFIX_PATH=${CMAKE_PREFIX_PATH}:/home/user/ros2_ws/install/my_robot_controller:/opt/ros/humble /usr/bin/cmake --build /home/user/ros2_ws/src/build/lowcost_arm_description -- -j16 -l16
[4.508s] Invoked command in '/home/user/ros2_ws/src/build/lowcost_arm_description' returned '0': CMAKE_PREFIX_PATH=${CMAKE_PREFIX_PATH}:/home/user/ros2_ws/install/my_robot_controller:/opt/ros/humble /usr/bin/cmake --build /home/user/ros2_ws/src/build/lowcost_arm_description -- -j16 -l16
[4.514s] Invoking command in '/home/user/ros2_ws/src/build/lowcost_arm_description': CMAKE_PREFIX_PATH=${CMAKE_PREFIX_PATH}:/home/user/ros2_ws/install/my_robot_controller:/opt/ros/humble /usr/bin/cmake --install /home/user/ros2_ws/src/build/lowcost_arm_description
[4.517s] -- Install configuration: ""
[4.518s] -- Installing: /home/user/ros2_ws/src/install/lowcost_arm_description/share/ament_index/resource_index/package_run_dependencies/lowcost_arm_description
[4.518s] -- Installing: /home/user/ros2_ws/src/install/lowcost_arm_description/share/ament_index/resource_index/parent_prefix_path/lowcost_arm_description
[4.518s] -- Installing: /home/user/ros2_ws/src/install/lowcost_arm_description/share/lowcost_arm_description/environment/ament_prefix_path.sh
[4.518s] -- Installing: /home/user/ros2_ws/src/install/lowcost_arm_description/share/lowcost_arm_description/environment/ament_prefix_path.dsv
[4.518s] -- Installing: /home/user/ros2_ws/src/install/lowcost_arm_description/share/lowcost_arm_description/environment/path.sh
[4.519s] -- Installing: /home/user/ros2_ws/src/install/lowcost_arm_description/share/lowcost_arm_description/environment/path.dsv
[4.519s] -- Installing: /home/user/ros2_ws/src/install/lowcost_arm_description/share/lowcost_arm_description/local_setup.bash
[4.519s] -- Installing: /home/user/ros2_ws/src/install/lowcost_arm_description/share/lowcost_arm_description/local_setup.sh
[4.519s] -- Installing: /home/user/ros2_ws/src/install/lowcost_arm_description/share/lowcost_arm_description/local_setup.zsh
[4.519s] -- Installing: /home/user/ros2_ws/src/install/lowcost_arm_description/share/lowcost_arm_description/local_setup.dsv
[4.519s] -- Installing: /home/user/ros2_ws/src/install/lowcost_arm_description/share/lowcost_arm_description/package.dsv
[4.519s] -- Installing: /home/user/ros2_ws/src/install/lowcost_arm_description/share/ament_index/resource_index/packages/lowcost_arm_description
[4.519s] -- Installing: /home/user/ros2_ws/src/install/lowcost_arm_description/share/lowcost_arm_description/cmake/lowcost_arm_descriptionConfig.cmake
[4.519s] -- Installing: /home/user/ros2_ws/src/install/lowcost_arm_description/share/lowcost_arm_description/cmake/lowcost_arm_descriptionConfig-version.cmake
[4.519s] -- Installing: /home/user/ros2_ws/src/install/lowcost_arm_description/share/lowcost_arm_description/package.xml
[4.522s] Invoked command in '/home/user/ros2_ws/src/build/lowcost_arm_description' returned '0': CMAKE_PREFIX_PATH=${CMAKE_PREFIX_PATH}:/home/user/ros2_ws/install/my_robot_controller:/opt/ros/humble /usr/bin/cmake --install /home/user/ros2_ws/src/build/lowcost_arm_description
