[0.401s] Invoking command in '/home/user/ros2_ws/build/my_robot_controller': PYTHONPATH=/home/user/ros2_ws/build/my_robot_controller/prefix_override:/usr/lib/python3/dist-packages/colcon_core/task/python/colcon_distutils_commands:/home/user/ros2_ws/install/my_robot_controller/lib/python3.10/site-packages:${PYTHONPATH} /usr/bin/python3 -W ignore:setup.py install is deprecated -W ignore:easy_install command is deprecated setup.py develop --editable --build-directory /home/user/ros2_ws/build/my_robot_controller/build --no-deps symlink_data --force
[0.565s] running develop
[0.649s] running egg_info
[0.649s] writing my_robot_controller.egg-info/PKG-INFO
[0.652s] writing dependency_links to my_robot_controller.egg-info/dependency_links.txt
[0.652s] writing entry points to my_robot_controller.egg-info/entry_points.txt
[0.652s] writing requirements to my_robot_controller.egg-info/requires.txt
[0.652s] writing top-level names to my_robot_controller.egg-info/top_level.txt
[0.653s] reading manifest file 'my_robot_controller.egg-info/SOURCES.txt'
[0.654s] writing manifest file 'my_robot_controller.egg-info/SOURCES.txt'
[0.655s] running build_ext
[0.655s] Creating /home/user/ros2_ws/install/my_robot_controller/lib/python3.10/site-packages/my-robot-controller.egg-link (link to .)
[0.656s] Installing draw_circle script to /home/user/ros2_ws/install/my_robot_controller/lib/my_robot_controller
[0.656s] Installing test_node script to /home/user/ros2_ws/install/my_robot_controller/lib/my_robot_controller
[0.656s] 
[0.656s] Installed /home/user/ros2_ws/build/my_robot_controller
[0.656s] running symlink_data
[0.656s] symbolically linking /home/user/ros2_ws/build/my_robot_controller/resource/my_robot_controller -> /home/user/ros2_ws/install/my_robot_controller/share/ament_index/resource_index/packages
[0.656s] symbolically linking /home/user/ros2_ws/build/my_robot_controller/package.xml -> /home/user/ros2_ws/install/my_robot_controller/share/my_robot_controller
[0.675s] Invoked command in '/home/user/ros2_ws/build/my_robot_controller' returned '0': PYTHONPATH=/home/user/ros2_ws/build/my_robot_controller/prefix_override:/usr/lib/python3/dist-packages/colcon_core/task/python/colcon_distutils_commands:/home/user/ros2_ws/install/my_robot_controller/lib/python3.10/site-packages:${PYTHONPATH} /usr/bin/python3 -W ignore:setup.py install is deprecated -W ignore:easy_install command is deprecated setup.py develop --editable --build-directory /home/user/ros2_ws/build/my_robot_controller/build --no-deps symlink_data --force
