[0.097s] DEBUG:colcon:Command line arguments: ['/usr/bin/colcon', 'build']
[0.097s] DEBUG:colcon:Parsed command line arguments: Namespace(log_base=None, log_level=None, verb_name='build', build_base='build', install_base='install', merge_install=False, symlink_install=False, test_result_base=None, continue_on_error=False, executor='parallel', parallel_workers=16, event_handlers=None, ignore_user_meta=False, metas=['./colcon.meta'], base_paths=['.'], packages_ignore=None, packages_ignore_regex=None, paths=None, packages_up_to=None, packages_up_to_regex=None, packages_above=None, packages_above_and_dependencies=None, packages_above_depth=None, packages_select_by_dep=None, packages_skip_by_dep=None, packages_skip_up_to=None, packages_select_build_failed=False, packages_skip_build_finished=False, packages_select_test_failures=False, packages_skip_test_passed=False, packages_select=None, packages_skip=None, packages_select_regex=None, packages_skip_regex=None, packages_start=None, packages_end=None, allow_overriding=[], cmake_args=None, cmake_target=None, cmake_target_skip_unavailable=False, cmake_clean_cache=False, cmake_clean_first=False, cmake_force_configure=False, ament_cmake_args=None, catkin_cmake_args=None, catkin_skip_building_tests=False, verb_parser=<colcon_defaults.argument_parser.defaults.DefaultArgumentsDecorator object at 0x7f4dd9474100>, verb_extension=<colcon_core.verb.build.BuildVerb object at 0x7f4dd96597b0>, main=<bound method BuildVerb.main of <colcon_core.verb.build.BuildVerb object at 0x7f4dd96597b0>>)
[0.211s] Level 1:colcon.colcon_core.package_discovery:discover_packages(colcon_meta) check parameters
[0.211s] Level 1:colcon.colcon_core.package_discovery:discover_packages(recursive) check parameters
[0.211s] Level 1:colcon.colcon_core.package_discovery:discover_packages(ignore) check parameters
[0.211s] Level 1:colcon.colcon_core.package_discovery:discover_packages(path) check parameters
[0.211s] Level 1:colcon.colcon_core.package_discovery:discover_packages(colcon_meta) discover
[0.211s] Level 1:colcon.colcon_core.package_discovery:discover_packages(recursive) discover
[0.211s] INFO:colcon.colcon_core.package_discovery:Crawling recursively for packages in '/home/user/ros2_ws/src'
[0.212s] Level 1:colcon.colcon_core.package_identification:_identify(.) by extensions ['ignore', 'ignore_ament_install']
[0.212s] Level 1:colcon.colcon_core.package_identification:_identify(.) by extension 'ignore'
[0.212s] Level 1:colcon.colcon_core.package_identification:_identify(.) by extension 'ignore_ament_install'
[0.212s] Level 1:colcon.colcon_core.package_identification:_identify(.) by extensions ['colcon_pkg']
[0.212s] Level 1:colcon.colcon_core.package_identification:_identify(.) by extension 'colcon_pkg'
[0.212s] Level 1:colcon.colcon_core.package_identification:_identify(.) by extensions ['colcon_meta']
[0.212s] Level 1:colcon.colcon_core.package_identification:_identify(.) by extension 'colcon_meta'
[0.212s] Level 1:colcon.colcon_core.package_identification:_identify(.) by extensions ['ros']
[0.212s] Level 1:colcon.colcon_core.package_identification:_identify(.) by extension 'ros'
[0.220s] Level 1:colcon.colcon_core.package_identification:_identify(.) by extensions ['cmake', 'python']
[0.220s] Level 1:colcon.colcon_core.package_identification:_identify(.) by extension 'cmake'
[0.220s] Level 1:colcon.colcon_core.package_identification:_identify(.) by extension 'python'
[0.220s] Level 1:colcon.colcon_core.package_identification:_identify(.) by extensions ['python_setup_py']
[0.220s] Level 1:colcon.colcon_core.package_identification:_identify(.) by extension 'python_setup_py'
[0.220s] Level 1:colcon.colcon_core.package_identification:_identify(build) by extensions ['ignore', 'ignore_ament_install']
[0.220s] Level 1:colcon.colcon_core.package_identification:_identify(build) by extension 'ignore'
[0.220s] Level 1:colcon.colcon_core.package_identification:_identify(build) ignored
[0.220s] Level 1:colcon.colcon_core.package_identification:_identify(install) by extensions ['ignore', 'ignore_ament_install']
[0.220s] Level 1:colcon.colcon_core.package_identification:_identify(install) by extension 'ignore'
[0.220s] Level 1:colcon.colcon_core.package_identification:_identify(install) ignored
[0.220s] Level 1:colcon.colcon_core.package_identification:_identify(log) by extensions ['ignore', 'ignore_ament_install']
[0.220s] Level 1:colcon.colcon_core.package_identification:_identify(log) by extension 'ignore'
[0.220s] Level 1:colcon.colcon_core.package_identification:_identify(log) ignored
[0.220s] Level 1:colcon.colcon_core.package_identification:_identify(lowcost_arm_description) by extensions ['ignore', 'ignore_ament_install']
[0.220s] Level 1:colcon.colcon_core.package_identification:_identify(lowcost_arm_description) by extension 'ignore'
[0.220s] Level 1:colcon.colcon_core.package_identification:_identify(lowcost_arm_description) by extension 'ignore_ament_install'
[0.220s] Level 1:colcon.colcon_core.package_identification:_identify(lowcost_arm_description) by extensions ['colcon_pkg']
[0.220s] Level 1:colcon.colcon_core.package_identification:_identify(lowcost_arm_description) by extension 'colcon_pkg'
[0.220s] Level 1:colcon.colcon_core.package_identification:_identify(lowcost_arm_description) by extensions ['colcon_meta']
[0.220s] Level 1:colcon.colcon_core.package_identification:_identify(lowcost_arm_description) by extension 'colcon_meta'
[0.220s] Level 1:colcon.colcon_core.package_identification:_identify(lowcost_arm_description) by extensions ['ros']
[0.220s] Level 1:colcon.colcon_core.package_identification:_identify(lowcost_arm_description) by extension 'ros'
[0.222s] DEBUG:colcon.colcon_core.package_identification:Package 'lowcost_arm_description' with type 'ros.ament_cmake' and name 'lowcost_arm_description'
[0.222s] Level 1:colcon.colcon_core.package_identification:_identify(my_robot_controller) by extensions ['ignore', 'ignore_ament_install']
[0.222s] Level 1:colcon.colcon_core.package_identification:_identify(my_robot_controller) by extension 'ignore'
[0.222s] Level 1:colcon.colcon_core.package_identification:_identify(my_robot_controller) by extension 'ignore_ament_install'
[0.222s] Level 1:colcon.colcon_core.package_identification:_identify(my_robot_controller) by extensions ['colcon_pkg']
[0.222s] Level 1:colcon.colcon_core.package_identification:_identify(my_robot_controller) by extension 'colcon_pkg'
[0.222s] Level 1:colcon.colcon_core.package_identification:_identify(my_robot_controller) by extensions ['colcon_meta']
[0.222s] Level 1:colcon.colcon_core.package_identification:_identify(my_robot_controller) by extension 'colcon_meta'
[0.222s] Level 1:colcon.colcon_core.package_identification:_identify(my_robot_controller) by extensions ['ros']
[0.222s] Level 1:colcon.colcon_core.package_identification:_identify(my_robot_controller) by extension 'ros'
[0.223s] DEBUG:colcon.colcon_core.package_identification:Package 'my_robot_controller' with type 'ros.ament_python' and name 'my_robot_controller'
[0.223s] Level 1:colcon.colcon_core.package_identification:_identify(robot_description) by extensions ['ignore', 'ignore_ament_install']
[0.223s] Level 1:colcon.colcon_core.package_identification:_identify(robot_description) by extension 'ignore'
[0.223s] Level 1:colcon.colcon_core.package_identification:_identify(robot_description) by extension 'ignore_ament_install'
[0.223s] Level 1:colcon.colcon_core.package_identification:_identify(robot_description) by extensions ['colcon_pkg']
[0.223s] Level 1:colcon.colcon_core.package_identification:_identify(robot_description) by extension 'colcon_pkg'
[0.223s] Level 1:colcon.colcon_core.package_identification:_identify(robot_description) by extensions ['colcon_meta']
[0.223s] Level 1:colcon.colcon_core.package_identification:_identify(robot_description) by extension 'colcon_meta'
[0.223s] Level 1:colcon.colcon_core.package_identification:_identify(robot_description) by extensions ['ros']
[0.223s] Level 1:colcon.colcon_core.package_identification:_identify(robot_description) by extension 'ros'
[0.223s] Level 1:colcon.colcon_core.package_identification:_identify(robot_description) by extensions ['cmake', 'python']
[0.223s] Level 1:colcon.colcon_core.package_identification:_identify(robot_description) by extension 'cmake'
[0.223s] Level 1:colcon.colcon_core.package_identification:_identify(robot_description) by extension 'python'
[0.224s] Level 1:colcon.colcon_core.package_identification:_identify(robot_description) by extensions ['python_setup_py']
[0.224s] Level 1:colcon.colcon_core.package_identification:_identify(robot_description) by extension 'python_setup_py'
[0.224s] Level 1:colcon.colcon_core.package_identification:_identify(robot_description/meshes) by extensions ['ignore', 'ignore_ament_install']
[0.224s] Level 1:colcon.colcon_core.package_identification:_identify(robot_description/meshes) by extension 'ignore'
[0.224s] Level 1:colcon.colcon_core.package_identification:_identify(robot_description/meshes) by extension 'ignore_ament_install'
[0.224s] Level 1:colcon.colcon_core.package_identification:_identify(robot_description/meshes) by extensions ['colcon_pkg']
[0.224s] Level 1:colcon.colcon_core.package_identification:_identify(robot_description/meshes) by extension 'colcon_pkg'
[0.224s] Level 1:colcon.colcon_core.package_identification:_identify(robot_description/meshes) by extensions ['colcon_meta']
[0.224s] Level 1:colcon.colcon_core.package_identification:_identify(robot_description/meshes) by extension 'colcon_meta'
[0.224s] Level 1:colcon.colcon_core.package_identification:_identify(robot_description/meshes) by extensions ['ros']
[0.224s] Level 1:colcon.colcon_core.package_identification:_identify(robot_description/meshes) by extension 'ros'
[0.224s] Level 1:colcon.colcon_core.package_identification:_identify(robot_description/meshes) by extensions ['cmake', 'python']
[0.224s] Level 1:colcon.colcon_core.package_identification:_identify(robot_description/meshes) by extension 'cmake'
[0.224s] Level 1:colcon.colcon_core.package_identification:_identify(robot_description/meshes) by extension 'python'
[0.224s] Level 1:colcon.colcon_core.package_identification:_identify(robot_description/meshes) by extensions ['python_setup_py']
[0.224s] Level 1:colcon.colcon_core.package_identification:_identify(robot_description/meshes) by extension 'python_setup_py'
[0.224s] Level 1:colcon.colcon_core.package_identification:_identify(robot_description/urdf) by extensions ['ignore', 'ignore_ament_install']
[0.224s] Level 1:colcon.colcon_core.package_identification:_identify(robot_description/urdf) by extension 'ignore'
[0.224s] Level 1:colcon.colcon_core.package_identification:_identify(robot_description/urdf) by extension 'ignore_ament_install'
[0.224s] Level 1:colcon.colcon_core.package_identification:_identify(robot_description/urdf) by extensions ['colcon_pkg']
[0.224s] Level 1:colcon.colcon_core.package_identification:_identify(robot_description/urdf) by extension 'colcon_pkg'
[0.224s] Level 1:colcon.colcon_core.package_identification:_identify(robot_description/urdf) by extensions ['colcon_meta']
[0.224s] Level 1:colcon.colcon_core.package_identification:_identify(robot_description/urdf) by extension 'colcon_meta'
[0.224s] Level 1:colcon.colcon_core.package_identification:_identify(robot_description/urdf) by extensions ['ros']
[0.224s] Level 1:colcon.colcon_core.package_identification:_identify(robot_description/urdf) by extension 'ros'
[0.224s] Level 1:colcon.colcon_core.package_identification:_identify(robot_description/urdf) by extensions ['cmake', 'python']
[0.224s] Level 1:colcon.colcon_core.package_identification:_identify(robot_description/urdf) by extension 'cmake'
[0.224s] Level 1:colcon.colcon_core.package_identification:_identify(robot_description/urdf) by extension 'python'
[0.224s] Level 1:colcon.colcon_core.package_identification:_identify(robot_description/urdf) by extensions ['python_setup_py']
[0.225s] Level 1:colcon.colcon_core.package_identification:_identify(robot_description/urdf) by extension 'python_setup_py'
[0.225s] Level 1:colcon.colcon_core.package_discovery:discover_packages(recursive) using defaults
[0.225s] Level 1:colcon.colcon_core.package_discovery:discover_packages(ignore) discover
[0.225s] Level 1:colcon.colcon_core.package_discovery:discover_packages(ignore) using defaults
[0.225s] Level 1:colcon.colcon_core.package_discovery:discover_packages(path) discover
[0.225s] Level 1:colcon.colcon_core.package_discovery:discover_packages(path) using defaults
[0.245s] Level 1:colcon.colcon_core.package_discovery:discover_packages(prefix_path) check parameters
[0.245s] Level 1:colcon.colcon_core.package_discovery:discover_packages(prefix_path) discover
[0.246s] DEBUG:colcon.colcon_installed_package_information.package_discovery:Found 1 installed packages in /home/user/ros2_ws/install
[0.247s] DEBUG:colcon.colcon_installed_package_information.package_discovery:Found 2 installed packages in /home/user/ws_gazebo/install
[0.247s] DEBUG:colcon.colcon_installed_package_information.package_discovery:Found 1 installed packages in /home/user/test_ws/install
[0.248s] DEBUG:colcon.colcon_installed_package_information.package_discovery:Found 282 installed packages in /opt/ros/humble
[0.249s] Level 1:colcon.colcon_core.package_discovery:discover_packages(prefix_path) using defaults
[0.271s] Level 5:colcon.colcon_core.verb:set package 'lowcost_arm_description' build argument 'cmake_args' from command line to 'None'
[0.272s] Level 5:colcon.colcon_core.verb:set package 'lowcost_arm_description' build argument 'cmake_target' from command line to 'None'
[0.272s] Level 5:colcon.colcon_core.verb:set package 'lowcost_arm_description' build argument 'cmake_target_skip_unavailable' from command line to 'False'
[0.272s] Level 5:colcon.colcon_core.verb:set package 'lowcost_arm_description' build argument 'cmake_clean_cache' from command line to 'False'
[0.272s] Level 5:colcon.colcon_core.verb:set package 'lowcost_arm_description' build argument 'cmake_clean_first' from command line to 'False'
[0.272s] Level 5:colcon.colcon_core.verb:set package 'lowcost_arm_description' build argument 'cmake_force_configure' from command line to 'False'
[0.272s] Level 5:colcon.colcon_core.verb:set package 'lowcost_arm_description' build argument 'ament_cmake_args' from command line to 'None'
[0.272s] Level 5:colcon.colcon_core.verb:set package 'lowcost_arm_description' build argument 'catkin_cmake_args' from command line to 'None'
[0.272s] Level 5:colcon.colcon_core.verb:set package 'lowcost_arm_description' build argument 'catkin_skip_building_tests' from command line to 'False'
[0.272s] DEBUG:colcon.colcon_core.verb:Building package 'lowcost_arm_description' with the following arguments: {'ament_cmake_args': None, 'build_base': '/home/user/ros2_ws/src/build/lowcost_arm_description', 'catkin_cmake_args': None, 'catkin_skip_building_tests': False, 'cmake_args': None, 'cmake_clean_cache': False, 'cmake_clean_first': False, 'cmake_force_configure': False, 'cmake_target': None, 'cmake_target_skip_unavailable': False, 'install_base': '/home/user/ros2_ws/src/install/lowcost_arm_description', 'merge_install': False, 'path': '/home/user/ros2_ws/src/lowcost_arm_description', 'symlink_install': False, 'test_result_base': None}
[0.272s] Level 5:colcon.colcon_core.verb:set package 'my_robot_controller' build argument 'cmake_args' from command line to 'None'
[0.272s] Level 5:colcon.colcon_core.verb:set package 'my_robot_controller' build argument 'cmake_target' from command line to 'None'
[0.272s] Level 5:colcon.colcon_core.verb:set package 'my_robot_controller' build argument 'cmake_target_skip_unavailable' from command line to 'False'
[0.272s] Level 5:colcon.colcon_core.verb:set package 'my_robot_controller' build argument 'cmake_clean_cache' from command line to 'False'
[0.272s] Level 5:colcon.colcon_core.verb:set package 'my_robot_controller' build argument 'cmake_clean_first' from command line to 'False'
[0.272s] Level 5:colcon.colcon_core.verb:set package 'my_robot_controller' build argument 'cmake_force_configure' from command line to 'False'
[0.272s] Level 5:colcon.colcon_core.verb:set package 'my_robot_controller' build argument 'ament_cmake_args' from command line to 'None'
[0.272s] Level 5:colcon.colcon_core.verb:set package 'my_robot_controller' build argument 'catkin_cmake_args' from command line to 'None'
[0.272s] Level 5:colcon.colcon_core.verb:set package 'my_robot_controller' build argument 'catkin_skip_building_tests' from command line to 'False'
[0.272s] DEBUG:colcon.colcon_core.verb:Building package 'my_robot_controller' with the following arguments: {'ament_cmake_args': None, 'build_base': '/home/user/ros2_ws/src/build/my_robot_controller', 'catkin_cmake_args': None, 'catkin_skip_building_tests': False, 'cmake_args': None, 'cmake_clean_cache': False, 'cmake_clean_first': False, 'cmake_force_configure': False, 'cmake_target': None, 'cmake_target_skip_unavailable': False, 'install_base': '/home/user/ros2_ws/src/install/my_robot_controller', 'merge_install': False, 'path': '/home/user/ros2_ws/src/my_robot_controller', 'symlink_install': False, 'test_result_base': None}
[0.272s] INFO:colcon.colcon_core.executor:Executing jobs using 'parallel' executor
[0.274s] DEBUG:colcon.colcon_parallel_executor.executor.parallel:run_until_complete
[0.274s] INFO:colcon.colcon_ros.task.ament_cmake.build:Building ROS package in '/home/user/ros2_ws/src/lowcost_arm_description' with build type 'ament_cmake'
[0.274s] INFO:colcon.colcon_cmake.task.cmake.build:Building CMake package in '/home/user/ros2_ws/src/lowcost_arm_description'
[0.282s] INFO:colcon.colcon_core.plugin_system:Skipping extension 'colcon_core.shell.bat': Not used on non-Windows systems
[0.282s] INFO:colcon.colcon_core.shell:Skip shell extension 'powershell' for command environment: Not usable outside of PowerShell
[0.282s] DEBUG:colcon.colcon_core.shell:Skip shell extension 'dsv' for command environment
[0.286s] INFO:colcon.colcon_ros.task.ament_python.build:Building ROS package in '/home/user/ros2_ws/src/my_robot_controller' with build type 'ament_python'
[0.286s] Level 1:colcon.colcon_core.shell:create_environment_hook('my_robot_controller', 'ament_prefix_path')
[0.286s] INFO:colcon.colcon_core.shell:Creating environment hook '/home/user/ros2_ws/src/install/my_robot_controller/share/my_robot_controller/hook/ament_prefix_path.ps1'
[0.289s] INFO:colcon.colcon_core.shell:Creating environment descriptor '/home/user/ros2_ws/src/install/my_robot_controller/share/my_robot_controller/hook/ament_prefix_path.dsv'
[0.290s] INFO:colcon.colcon_core.shell:Creating environment hook '/home/user/ros2_ws/src/install/my_robot_controller/share/my_robot_controller/hook/ament_prefix_path.sh'
[0.291s] INFO:colcon.colcon_core.shell:Skip shell extension 'powershell' for command environment: Not usable outside of PowerShell
[0.291s] DEBUG:colcon.colcon_core.shell:Skip shell extension 'dsv' for command environment
[0.302s] DEBUG:colcon.colcon_core.event_handler.log_command:Invoking command in '/home/user/ros2_ws/src/build/lowcost_arm_description': CMAKE_PREFIX_PATH=${CMAKE_PREFIX_PATH}:/home/user/ros2_ws/install/my_robot_controller:/opt/ros/humble /usr/bin/cmake /home/user/ros2_ws/src/lowcost_arm_description -DCMAKE_INSTALL_PREFIX=/home/user/ros2_ws/src/install/lowcost_arm_description
[0.499s] INFO:colcon.colcon_core.task.python.build:Building Python package in '/home/user/ros2_ws/src/my_robot_controller'
[0.499s] INFO:colcon.colcon_core.shell:Skip shell extension 'powershell' for command environment: Not usable outside of PowerShell
[0.499s] DEBUG:colcon.colcon_core.shell:Skip shell extension 'dsv' for command environment
[0.941s] DEBUG:colcon.colcon_core.event_handler.log_command:Invoking command in '/home/user/ros2_ws/src/my_robot_controller': PYTHONPATH=/home/user/ros2_ws/src/build/my_robot_controller/prefix_override:/usr/lib/python3/dist-packages/colcon_core/task/python/colcon_distutils_commands:/home/user/ros2_ws/src/install/my_robot_controller/lib/python3.10/site-packages:${PYTHONPATH} /usr/bin/python3 -W ignore:setup.py install is deprecated -W ignore:easy_install command is deprecated setup.py egg_info --egg-base ../build/my_robot_controller build --build-base /home/user/ros2_ws/src/build/my_robot_controller/build install --record /home/user/ros2_ws/src/build/my_robot_controller/install.log --single-version-externally-managed install_data
[1.154s] DEBUG:colcon.colcon_core.event_handler.log_command:Invoked command in '/home/user/ros2_ws/src/my_robot_controller' returned '0': PYTHONPATH=/home/user/ros2_ws/src/build/my_robot_controller/prefix_override:/usr/lib/python3/dist-packages/colcon_core/task/python/colcon_distutils_commands:/home/user/ros2_ws/src/install/my_robot_controller/lib/python3.10/site-packages:${PYTHONPATH} /usr/bin/python3 -W ignore:setup.py install is deprecated -W ignore:easy_install command is deprecated setup.py egg_info --egg-base ../build/my_robot_controller build --build-base /home/user/ros2_ws/src/build/my_robot_controller/build install --record /home/user/ros2_ws/src/build/my_robot_controller/install.log --single-version-externally-managed install_data
[1.161s] Level 1:colcon.colcon_core.environment:checking '/home/user/ros2_ws/src/install/my_robot_controller' for CMake module files
[1.161s] Level 1:colcon.colcon_core.environment:checking '/home/user/ros2_ws/src/install/my_robot_controller' for CMake config files
[1.161s] Level 1:colcon.colcon_core.environment:checking '/home/user/ros2_ws/src/install/my_robot_controller/lib'
[1.162s] Level 1:colcon.colcon_core.environment:checking '/home/user/ros2_ws/src/install/my_robot_controller/bin'
[1.162s] Level 1:colcon.colcon_core.environment:checking '/home/user/ros2_ws/src/install/my_robot_controller/lib/pkgconfig/my_robot_controller.pc'
[1.162s] Level 1:colcon.colcon_core.environment:checking '/home/user/ros2_ws/src/install/my_robot_controller/lib/python3.10/site-packages'
[1.162s] Level 1:colcon.colcon_core.shell:create_environment_hook('my_robot_controller', 'pythonpath')
[1.162s] INFO:colcon.colcon_core.shell:Creating environment hook '/home/user/ros2_ws/src/install/my_robot_controller/share/my_robot_controller/hook/pythonpath.ps1'
[1.163s] INFO:colcon.colcon_core.shell:Creating environment descriptor '/home/user/ros2_ws/src/install/my_robot_controller/share/my_robot_controller/hook/pythonpath.dsv'
[1.163s] INFO:colcon.colcon_core.shell:Creating environment hook '/home/user/ros2_ws/src/install/my_robot_controller/share/my_robot_controller/hook/pythonpath.sh'
[1.163s] Level 1:colcon.colcon_core.environment:checking '/home/user/ros2_ws/src/install/my_robot_controller/bin'
[1.163s] Level 1:colcon.colcon_core.environment:create_environment_scripts_only(my_robot_controller)
[1.164s] INFO:colcon.colcon_core.shell:Creating package script '/home/user/ros2_ws/src/install/my_robot_controller/share/my_robot_controller/package.ps1'
[1.165s] INFO:colcon.colcon_core.shell:Creating package descriptor '/home/user/ros2_ws/src/install/my_robot_controller/share/my_robot_controller/package.dsv'
[1.166s] INFO:colcon.colcon_core.shell:Creating package script '/home/user/ros2_ws/src/install/my_robot_controller/share/my_robot_controller/package.sh'
[1.167s] INFO:colcon.colcon_core.shell:Creating package script '/home/user/ros2_ws/src/install/my_robot_controller/share/my_robot_controller/package.bash'
[1.168s] INFO:colcon.colcon_core.shell:Creating package script '/home/user/ros2_ws/src/install/my_robot_controller/share/my_robot_controller/package.zsh'
[1.168s] Level 1:colcon.colcon_core.environment:create_file_with_runtime_dependencies(/home/user/ros2_ws/src/install/my_robot_controller/share/colcon-core/packages/my_robot_controller)
[4.755s] DEBUG:colcon.colcon_core.event_handler.log_command:Invoked command in '/home/user/ros2_ws/src/build/lowcost_arm_description' returned '0': CMAKE_PREFIX_PATH=${CMAKE_PREFIX_PATH}:/home/user/ros2_ws/install/my_robot_controller:/opt/ros/humble /usr/bin/cmake /home/user/ros2_ws/src/lowcost_arm_description -DCMAKE_INSTALL_PREFIX=/home/user/ros2_ws/src/install/lowcost_arm_description
[4.756s] DEBUG:colcon.colcon_core.event_handler.log_command:Invoking command in '/home/user/ros2_ws/src/build/lowcost_arm_description': CMAKE_PREFIX_PATH=${CMAKE_PREFIX_PATH}:/home/user/ros2_ws/install/my_robot_controller:/opt/ros/humble /usr/bin/cmake --build /home/user/ros2_ws/src/build/lowcost_arm_description -- -j16 -l16
[4.782s] DEBUG:colcon.colcon_core.event_handler.log_command:Invoked command in '/home/user/ros2_ws/src/build/lowcost_arm_description' returned '0': CMAKE_PREFIX_PATH=${CMAKE_PREFIX_PATH}:/home/user/ros2_ws/install/my_robot_controller:/opt/ros/humble /usr/bin/cmake --build /home/user/ros2_ws/src/build/lowcost_arm_description -- -j16 -l16
[4.789s] DEBUG:colcon.colcon_core.event_handler.log_command:Invoking command in '/home/user/ros2_ws/src/build/lowcost_arm_description': CMAKE_PREFIX_PATH=${CMAKE_PREFIX_PATH}:/home/user/ros2_ws/install/my_robot_controller:/opt/ros/humble /usr/bin/cmake --install /home/user/ros2_ws/src/build/lowcost_arm_description
[4.795s] Level 1:colcon.colcon_core.environment:create_environment_scripts_only(lowcost_arm_description)
[4.796s] Level 1:colcon.colcon_core.environment:checking '/home/user/ros2_ws/src/install/lowcost_arm_description' for CMake module files
[4.797s] DEBUG:colcon.colcon_core.event_handler.log_command:Invoked command in '/home/user/ros2_ws/src/build/lowcost_arm_description' returned '0': CMAKE_PREFIX_PATH=${CMAKE_PREFIX_PATH}:/home/user/ros2_ws/install/my_robot_controller:/opt/ros/humble /usr/bin/cmake --install /home/user/ros2_ws/src/build/lowcost_arm_description
[4.797s] Level 1:colcon.colcon_core.environment:checking '/home/user/ros2_ws/src/install/lowcost_arm_description' for CMake config files
[4.797s] Level 1:colcon.colcon_core.shell:create_environment_hook('lowcost_arm_description', 'cmake_prefix_path')
[4.797s] INFO:colcon.colcon_core.shell:Creating environment hook '/home/user/ros2_ws/src/install/lowcost_arm_description/share/lowcost_arm_description/hook/cmake_prefix_path.ps1'
[4.798s] INFO:colcon.colcon_core.shell:Creating environment descriptor '/home/user/ros2_ws/src/install/lowcost_arm_description/share/lowcost_arm_description/hook/cmake_prefix_path.dsv'
[4.798s] INFO:colcon.colcon_core.shell:Creating environment hook '/home/user/ros2_ws/src/install/lowcost_arm_description/share/lowcost_arm_description/hook/cmake_prefix_path.sh'
[4.798s] Level 1:colcon.colcon_core.environment:checking '/home/user/ros2_ws/src/install/lowcost_arm_description/bin'
[4.798s] Level 1:colcon.colcon_core.environment:checking '/home/user/ros2_ws/src/install/lowcost_arm_description/lib/pkgconfig/lowcost_arm_description.pc'
[4.799s] Level 1:colcon.colcon_core.environment:checking '/home/user/ros2_ws/src/install/lowcost_arm_description/lib/python3.10/site-packages'
[4.799s] Level 1:colcon.colcon_core.environment:checking '/home/user/ros2_ws/src/install/lowcost_arm_description/bin'
[4.799s] INFO:colcon.colcon_core.shell:Creating package script '/home/user/ros2_ws/src/install/lowcost_arm_description/share/lowcost_arm_description/package.ps1'
[4.799s] INFO:colcon.colcon_core.shell:Creating package descriptor '/home/user/ros2_ws/src/install/lowcost_arm_description/share/lowcost_arm_description/package.dsv'
[4.800s] INFO:colcon.colcon_core.shell:Creating package script '/home/user/ros2_ws/src/install/lowcost_arm_description/share/lowcost_arm_description/package.sh'
[4.800s] INFO:colcon.colcon_core.shell:Creating package script '/home/user/ros2_ws/src/install/lowcost_arm_description/share/lowcost_arm_description/package.bash'
[4.800s] INFO:colcon.colcon_core.shell:Creating package script '/home/user/ros2_ws/src/install/lowcost_arm_description/share/lowcost_arm_description/package.zsh'
[4.800s] Level 1:colcon.colcon_core.environment:create_file_with_runtime_dependencies(/home/user/ros2_ws/src/install/lowcost_arm_description/share/colcon-core/packages/lowcost_arm_description)
[4.801s] Level 1:colcon.colcon_core.environment:create_environment_scripts_only(lowcost_arm_description)
[4.801s] Level 1:colcon.colcon_core.environment:checking '/home/user/ros2_ws/src/install/lowcost_arm_description' for CMake module files
[4.801s] Level 1:colcon.colcon_core.environment:checking '/home/user/ros2_ws/src/install/lowcost_arm_description' for CMake config files
[4.802s] Level 1:colcon.colcon_core.shell:create_environment_hook('lowcost_arm_description', 'cmake_prefix_path')
[4.802s] INFO:colcon.colcon_core.shell:Creating environment hook '/home/user/ros2_ws/src/install/lowcost_arm_description/share/lowcost_arm_description/hook/cmake_prefix_path.ps1'
[4.802s] INFO:colcon.colcon_core.shell:Creating environment descriptor '/home/user/ros2_ws/src/install/lowcost_arm_description/share/lowcost_arm_description/hook/cmake_prefix_path.dsv'
[4.802s] INFO:colcon.colcon_core.shell:Creating environment hook '/home/user/ros2_ws/src/install/lowcost_arm_description/share/lowcost_arm_description/hook/cmake_prefix_path.sh'
[4.803s] Level 1:colcon.colcon_core.environment:checking '/home/user/ros2_ws/src/install/lowcost_arm_description/bin'
[4.803s] Level 1:colcon.colcon_core.environment:checking '/home/user/ros2_ws/src/install/lowcost_arm_description/lib/pkgconfig/lowcost_arm_description.pc'
[4.803s] Level 1:colcon.colcon_core.environment:checking '/home/user/ros2_ws/src/install/lowcost_arm_description/lib/python3.10/site-packages'
[4.803s] Level 1:colcon.colcon_core.environment:checking '/home/user/ros2_ws/src/install/lowcost_arm_description/bin'
[4.803s] INFO:colcon.colcon_core.shell:Creating package script '/home/user/ros2_ws/src/install/lowcost_arm_description/share/lowcost_arm_description/package.ps1'
[4.804s] INFO:colcon.colcon_core.shell:Creating package descriptor '/home/user/ros2_ws/src/install/lowcost_arm_description/share/lowcost_arm_description/package.dsv'
[4.804s] INFO:colcon.colcon_core.shell:Creating package script '/home/user/ros2_ws/src/install/lowcost_arm_description/share/lowcost_arm_description/package.sh'
[4.804s] INFO:colcon.colcon_core.shell:Creating package script '/home/user/ros2_ws/src/install/lowcost_arm_description/share/lowcost_arm_description/package.bash'
[4.805s] INFO:colcon.colcon_core.shell:Creating package script '/home/user/ros2_ws/src/install/lowcost_arm_description/share/lowcost_arm_description/package.zsh'
[4.805s] Level 1:colcon.colcon_core.environment:create_file_with_runtime_dependencies(/home/user/ros2_ws/src/install/lowcost_arm_description/share/colcon-core/packages/lowcost_arm_description)
[4.805s] DEBUG:colcon.colcon_parallel_executor.executor.parallel:closing loop
[4.806s] DEBUG:colcon.colcon_parallel_executor.executor.parallel:loop closed
[4.806s] DEBUG:colcon.colcon_parallel_executor.executor.parallel:run_until_complete finished with '0'
[4.806s] DEBUG:colcon.colcon_core.event_reactor:joining thread
[4.835s] INFO:colcon.colcon_core.plugin_system:Skipping extension 'colcon_notification.desktop_notification.notify_send': Could not find 'notify-send'
[4.835s] INFO:colcon.colcon_core.plugin_system:Skipping extension 'colcon_notification.desktop_notification.terminal_notifier': Not used on non-Darwin systems
[4.835s] INFO:colcon.colcon_core.plugin_system:Skipping extension 'colcon_notification.desktop_notification.win32': Not used on non-Windows systems
[4.835s] INFO:colcon.colcon_notification.desktop_notification:Sending desktop notification using 'notify2'
[4.837s] DEBUG:colcon.colcon_notification.desktop_notification.notify2:Failed to initialize notify2: org.freedesktop.DBus.Error.ServiceUnknown: The name org.freedesktop.Notifications was not provided by any .service files
[4.837s] DEBUG:colcon.colcon_core.event_reactor:joined thread
[4.837s] INFO:colcon.colcon_core.shell:Creating prefix script '/home/user/ros2_ws/src/install/local_setup.ps1'
[4.839s] INFO:colcon.colcon_core.shell:Creating prefix util module '/home/user/ros2_ws/src/install/_local_setup_util_ps1.py'
[4.841s] INFO:colcon.colcon_core.shell:Creating prefix chain script '/home/user/ros2_ws/src/install/setup.ps1'
[4.842s] INFO:colcon.colcon_core.shell:Creating prefix script '/home/user/ros2_ws/src/install/local_setup.sh'
[4.843s] INFO:colcon.colcon_core.shell:Creating prefix util module '/home/user/ros2_ws/src/install/_local_setup_util_sh.py'
[4.843s] INFO:colcon.colcon_core.shell:Creating prefix chain script '/home/user/ros2_ws/src/install/setup.sh'
[4.844s] INFO:colcon.colcon_core.shell:Creating prefix script '/home/user/ros2_ws/src/install/local_setup.bash'
[4.845s] INFO:colcon.colcon_core.shell:Creating prefix chain script '/home/user/ros2_ws/src/install/setup.bash'
[4.846s] INFO:colcon.colcon_core.shell:Creating prefix script '/home/user/ros2_ws/src/install/local_setup.zsh'
[4.846s] INFO:colcon.colcon_core.shell:Creating prefix chain script '/home/user/ros2_ws/src/install/setup.zsh'
