[0.655s] Invoking command in '/home/user/ros2_ws/src/my_robot_controller': PYTHONPATH=/home/user/ros2_ws/src/build/my_robot_controller/prefix_override:/usr/lib/python3/dist-packages/colcon_core/task/python/colcon_distutils_commands:/home/user/ros2_ws/src/install/my_robot_controller/lib/python3.10/site-packages:${PYTHONPATH} /usr/bin/python3 -W ignore:setup.py install is deprecated -W ignore:easy_install command is deprecated setup.py egg_info --egg-base ../build/my_robot_controller build --build-base /home/user/ros2_ws/src/build/my_robot_controller/build install --record /home/user/ros2_ws/src/build/my_robot_controller/install.log --single-version-externally-managed install_data
[0.821s] running egg_info
[0.821s] creating ../build/my_robot_controller/my_robot_controller.egg-info
[0.821s] writing ../build/my_robot_controller/my_robot_controller.egg-info/PKG-INFO
[0.822s] writing dependency_links to ../build/my_robot_controller/my_robot_controller.egg-info/dependency_links.txt
[0.822s] writing entry points to ../build/my_robot_controller/my_robot_controller.egg-info/entry_points.txt
[0.822s] writing requirements to ../build/my_robot_controller/my_robot_controller.egg-info/requires.txt
[0.822s] writing top-level names to ../build/my_robot_controller/my_robot_controller.egg-info/top_level.txt
[0.823s] writing manifest file '../build/my_robot_controller/my_robot_controller.egg-info/SOURCES.txt'
[0.823s] reading manifest file '../build/my_robot_controller/my_robot_controller.egg-info/SOURCES.txt'
[0.824s] writing manifest file '../build/my_robot_controller/my_robot_controller.egg-info/SOURCES.txt'
[0.825s] running build
[0.825s] running build_py
[0.825s] creating /home/user/ros2_ws/src/build/my_robot_controller/build
[0.825s] creating /home/user/ros2_ws/src/build/my_robot_controller/build/lib
[0.826s] creating /home/user/ros2_ws/src/build/my_robot_controller/build/lib/my_robot_controller
[0.826s] copying my_robot_controller/my_first_node.py -> /home/user/ros2_ws/src/build/my_robot_controller/build/lib/my_robot_controller
[0.826s] copying my_robot_controller/draw_circle.py -> /home/user/ros2_ws/src/build/my_robot_controller/build/lib/my_robot_controller
[0.827s] copying my_robot_controller/pose_subscriber.py -> /home/user/ros2_ws/src/build/my_robot_controller/build/lib/my_robot_controller
[0.827s] copying my_robot_controller/__init__.py -> /home/user/ros2_ws/src/build/my_robot_controller/build/lib/my_robot_controller
[0.827s] copying my_robot_controller/turtle_controller.py -> /home/user/ros2_ws/src/build/my_robot_controller/build/lib/my_robot_controller
[0.828s] running install
[0.828s] running install_lib
[0.829s] creating /home/user/ros2_ws/src/install/my_robot_controller/lib/python3.10/site-packages/my_robot_controller
[0.829s] copying /home/user/ros2_ws/src/build/my_robot_controller/build/lib/my_robot_controller/my_first_node.py -> /home/user/ros2_ws/src/install/my_robot_controller/lib/python3.10/site-packages/my_robot_controller
[0.829s] copying /home/user/ros2_ws/src/build/my_robot_controller/build/lib/my_robot_controller/draw_circle.py -> /home/user/ros2_ws/src/install/my_robot_controller/lib/python3.10/site-packages/my_robot_controller
[0.829s] copying /home/user/ros2_ws/src/build/my_robot_controller/build/lib/my_robot_controller/pose_subscriber.py -> /home/user/ros2_ws/src/install/my_robot_controller/lib/python3.10/site-packages/my_robot_controller
[0.829s] copying /home/user/ros2_ws/src/build/my_robot_controller/build/lib/my_robot_controller/__init__.py -> /home/user/ros2_ws/src/install/my_robot_controller/lib/python3.10/site-packages/my_robot_controller
[0.829s] copying /home/user/ros2_ws/src/build/my_robot_controller/build/lib/my_robot_controller/turtle_controller.py -> /home/user/ros2_ws/src/install/my_robot_controller/lib/python3.10/site-packages/my_robot_controller
[0.830s] byte-compiling /home/user/ros2_ws/src/install/my_robot_controller/lib/python3.10/site-packages/my_robot_controller/my_first_node.py to my_first_node.cpython-310.pyc
[0.830s] byte-compiling /home/user/ros2_ws/src/install/my_robot_controller/lib/python3.10/site-packages/my_robot_controller/draw_circle.py to draw_circle.cpython-310.pyc
[0.831s] byte-compiling /home/user/ros2_ws/src/install/my_robot_controller/lib/python3.10/site-packages/my_robot_controller/pose_subscriber.py to pose_subscriber.cpython-310.pyc
[0.831s] byte-compiling /home/user/ros2_ws/src/install/my_robot_controller/lib/python3.10/site-packages/my_robot_controller/__init__.py to __init__.cpython-310.pyc
[0.831s] byte-compiling /home/user/ros2_ws/src/install/my_robot_controller/lib/python3.10/site-packages/my_robot_controller/turtle_controller.py to turtle_controller.cpython-310.pyc
[0.831s] running install_data
[0.831s] creating /home/user/ros2_ws/src/install/my_robot_controller/share/ament_index
[0.831s] creating /home/user/ros2_ws/src/install/my_robot_controller/share/ament_index/resource_index
[0.832s] creating /home/user/ros2_ws/src/install/my_robot_controller/share/ament_index/resource_index/packages
[0.832s] copying resource/my_robot_controller -> /home/user/ros2_ws/src/install/my_robot_controller/share/ament_index/resource_index/packages
[0.832s] copying package.xml -> /home/user/ros2_ws/src/install/my_robot_controller/share/my_robot_controller
[0.832s] running install_egg_info
[0.833s] Copying ../build/my_robot_controller/my_robot_controller.egg-info to /home/user/ros2_ws/src/install/my_robot_controller/lib/python3.10/site-packages/my_robot_controller-0.0.0-py3.10.egg-info
[0.833s] running install_scripts
[0.847s] Installing draw_circle script to /home/user/ros2_ws/src/install/my_robot_controller/lib/my_robot_controller
[0.847s] Installing pose_subscriber script to /home/user/ros2_ws/src/install/my_robot_controller/lib/my_robot_controller
[0.848s] Installing test_node script to /home/user/ros2_ws/src/install/my_robot_controller/lib/my_robot_controller
[0.848s] Installing turtle_controller script to /home/user/ros2_ws/src/install/my_robot_controller/lib/my_robot_controller
[0.848s] writing list of installed files to '/home/user/ros2_ws/src/build/my_robot_controller/install.log'
[0.868s] Invoked command in '/home/user/ros2_ws/src/my_robot_controller' returned '0': PYTHONPATH=/home/user/ros2_ws/src/build/my_robot_controller/prefix_override:/usr/lib/python3/dist-packages/colcon_core/task/python/colcon_distutils_commands:/home/user/ros2_ws/src/install/my_robot_controller/lib/python3.10/site-packages:${PYTHONPATH} /usr/bin/python3 -W ignore:setup.py install is deprecated -W ignore:easy_install command is deprecated setup.py egg_info --egg-base ../build/my_robot_controller build --build-base /home/user/ros2_ws/src/build/my_robot_controller/build install --record /home/user/ros2_ws/src/build/my_robot_controller/install.log --single-version-externally-managed install_data
